<?xml version="1.0" encoding="UTF-8"?>
<testng-results ignored="0" total="2" passed="2" failed="0" skipped="0">
  <reporter-output>
  </reporter-output>
  <suite started-at="2024-02-09T11:46:44 IST" name="Default suite" finished-at="2024-02-09T11:46:44 IST" duration-ms="42">
    <groups>
    </groups>
    <test started-at="2024-02-09T11:46:44 IST" name="Default test" finished-at="2024-02-09T11:46:44 IST" duration-ms="42">
      <class name="testng.verification">
        <test-method is-config="true" signature="beforesuite()[pri:0, instance:testng.verification@708f5957]" started-at="2024-02-09T11:46:44 IST" name="beforesuite" finished-at="2024-02-09T11:46:44 IST" duration-ms="8" status="PASS">
          <reporter-output>
          </reporter-output>
        </test-method> <!-- beforesuite -->
        <test-method is-config="true" signature="BeforeTest()[pri:0, instance:testng.verification@708f5957]" started-at="2024-02-09T11:46:44 IST" name="BeforeTest" finished-at="2024-02-09T11:46:44 IST" duration-ms="0" status="PASS">
          <reporter-output>
          </reporter-output>
        </test-method> <!-- BeforeTest -->
        <test-method is-config="true" signature="BeforeClass()[pri:0, instance:testng.verification@708f5957]" started-at="2024-02-09T11:46:44 IST" name="BeforeClass" finished-at="2024-02-09T11:46:44 IST" duration-ms="0" status="PASS">
          <reporter-output>
          </reporter-output>
        </test-method> <!-- BeforeClass -->
        <test-method is-config="true" signature="BeforeMethod()[pri:0, instance:testng.verification@708f5957]" started-at="2024-02-09T11:46:44 IST" name="BeforeMethod" finished-at="2024-02-09T11:46:44 IST" duration-ms="1" status="PASS">
          <reporter-output>
          </reporter-output>
        </test-method> <!-- BeforeMethod -->
        <test-method signature="password()[pri:0, instance:testng.verification@708f5957]" started-at="2024-02-09T11:46:44 IST" name="password" finished-at="2024-02-09T11:46:44 IST" duration-ms="7" status="PASS">
          <reporter-output>
          </reporter-output>
        </test-method> <!-- password -->
        <test-method is-config="true" signature="BeforeMethod()[pri:0, instance:testng.verification@708f5957]" started-at="2024-02-09T11:46:44 IST" name="BeforeMethod" finished-at="2024-02-09T11:46:44 IST" duration-ms="0" status="PASS">
          <reporter-output>
          </reporter-output>
        </test-method> <!-- BeforeMethod -->
        <test-method signature="username()[pri:0, instance:testng.verification@708f5957]" started-at="2024-02-09T11:46:44 IST" name="username" finished-at="2024-02-09T11:46:44 IST" duration-ms="2" status="PASS">
          <reporter-output>
          </reporter-output>
        </test-method> <!-- username -->
      </class> <!-- testng.verification -->
    </test> <!-- Default test -->
  </suite> <!-- Default suite -->
</testng-results>
